mode: set
homework_platform/server/service/admin.go:14.69,16.2 1 0
homework_platform/server/service/admin.go:22.71,24.16 2 0
homework_platform/server/service/admin.go:24.16,26.3 1 0
homework_platform/server/service/admin.go:27.2,28.13 2 0
homework_platform/server/service/admin.go:28.13,30.3 1 0
homework_platform/server/service/admin.go:31.2,33.17 3 0
homework_platform/server/service/admin.go:41.71,43.16 2 0
homework_platform/server/service/admin.go:43.16,45.3 1 0
homework_platform/server/service/admin.go:46.2,47.13 2 0
homework_platform/server/service/admin.go:47.13,49.3 1 0
homework_platform/server/service/admin.go:50.2,52.17 3 0
homework_platform/server/service/comment.go:18.68,19.46 1 0
homework_platform/server/service/comment.go:19.46,21.3 1 0
homework_platform/server/service/comment.go:22.2,24.17 3 0
homework_platform/server/service/comment.go:24.17,26.3 1 0
homework_platform/server/service/comment.go:27.2,27.48 1 0
homework_platform/server/service/comment.go:27.48,29.3 1 0
homework_platform/server/service/comment.go:30.2,30.31 1 0
homework_platform/server/service/comment.go:30.31,32.3 1 0
homework_platform/server/service/comment.go:33.2,36.16 3 0
homework_platform/server/service/comment.go:36.16,39.15 3 0
homework_platform/server/service/comment.go:39.15,41.4 1 0
homework_platform/server/service/comment.go:42.3,42.18 1 0
homework_platform/server/service/comment.go:44.2,44.17 1 0
homework_platform/server/service/comment.go:51.76,53.65 2 0
homework_platform/server/service/comment.go:53.65,55.3 1 0
homework_platform/server/service/comment.go:57.2,58.16 2 0
homework_platform/server/service/comment.go:58.16,60.3 1 0
homework_platform/server/service/comment.go:61.2,62.16 2 0
homework_platform/server/service/comment.go:62.16,64.3 1 0
homework_platform/server/service/comment.go:66.2,67.28 2 0
homework_platform/server/service/comment.go:67.28,69.17 2 0
homework_platform/server/service/comment.go:69.17,71.4 1 0
homework_platform/server/service/comment.go:72.3,72.26 1 0
homework_platform/server/service/comment.go:75.2,76.16 2 0
homework_platform/server/service/comment.go:76.16,78.3 1 0
homework_platform/server/service/comment.go:79.2,80.38 2 0
homework_platform/server/service/comment.go:80.38,82.3 1 0
homework_platform/server/service/comment.go:83.2,87.15 5 0
homework_platform/server/service/comment.go:94.73,96.16 2 0
homework_platform/server/service/comment.go:96.16,98.3 1 0
homework_platform/server/service/comment.go:99.2,102.16 4 0
homework_platform/server/service/comment.go:102.16,104.3 1 0
homework_platform/server/service/comment.go:105.2,105.22 1 0
homework_platform/server/service/complaint.go:16.69,19.16 2 0
homework_platform/server/service/complaint.go:19.16,21.3 1 0
homework_platform/server/service/complaint.go:23.2,24.16 2 0
homework_platform/server/service/complaint.go:24.16,26.3 1 0
homework_platform/server/service/complaint.go:27.2,31.32 4 0
homework_platform/server/service/complaint.go:31.32,33.3 1 0
homework_platform/server/service/complaint.go:34.2,35.16 2 0
homework_platform/server/service/complaint.go:35.16,37.3 1 0
homework_platform/server/service/complaint.go:38.2,44.17 2 0
homework_platform/server/service/complaint.go:51.69,53.16 2 0
homework_platform/server/service/complaint.go:53.16,55.3 1 0
homework_platform/server/service/complaint.go:56.2,56.17 1 0
homework_platform/server/service/complaint.go:64.69,67.16 2 0
homework_platform/server/service/complaint.go:67.16,69.3 1 0
homework_platform/server/service/complaint.go:71.2,72.16 2 0
homework_platform/server/service/complaint.go:72.16,74.3 1 0
homework_platform/server/service/complaint.go:75.2,77.16 3 0
homework_platform/server/service/complaint.go:77.16,79.3 1 0
homework_platform/server/service/complaint.go:80.2,82.17 3 0
homework_platform/server/service/complaint.go:89.68,91.16 2 0
homework_platform/server/service/complaint.go:91.16,93.3 1 0
homework_platform/server/service/complaint.go:94.2,96.17 3 0
homework_platform/server/service/complaint.go:103.66,106.16 3 0
homework_platform/server/service/complaint.go:106.16,108.3 1 0
homework_platform/server/service/complaint.go:109.2,110.16 2 0
homework_platform/server/service/complaint.go:110.16,112.3 1 0
homework_platform/server/service/complaint.go:113.2,113.28 1 0
homework_platform/server/service/complaint.go:113.28,115.17 2 0
homework_platform/server/service/complaint.go:115.17,117.4 1 0
homework_platform/server/service/complaint.go:118.3,118.24 1 0
homework_platform/server/service/complaint.go:119.8,121.24 2 0
homework_platform/server/service/complaint.go:121.24,123.4 1 0
homework_platform/server/service/complaint.go:124.3,125.17 2 0
homework_platform/server/service/complaint.go:125.17,127.4 1 0
homework_platform/server/service/complaint.go:128.3,128.24 1 0
homework_platform/server/service/course.go:23.66,25.46 2 1
homework_platform/server/service/course.go:25.46,27.3 1 1
homework_platform/server/service/course.go:28.2,28.24 1 1
homework_platform/server/service/course.go:28.24,30.3 1 1
homework_platform/server/service/course.go:31.2,32.16 2 1
homework_platform/server/service/course.go:40.77,44.16 3 1
homework_platform/server/service/course.go:44.16,46.3 1 0
homework_platform/server/service/course.go:48.2,49.16 2 1
homework_platform/server/service/course.go:49.16,51.3 1 0
homework_platform/server/service/course.go:52.2,53.16 2 1
homework_platform/server/service/course.go:53.16,55.3 1 1
homework_platform/server/service/course.go:56.2,57.28 2 1
homework_platform/server/service/course.go:57.28,59.3 1 1
homework_platform/server/service/course.go:60.2,61.10 2 1
homework_platform/server/service/course.go:61.10,63.3 1 0
homework_platform/server/service/course.go:64.2,64.17 1 1
homework_platform/server/service/course.go:71.66,73.16 2 0
homework_platform/server/service/course.go:73.16,75.3 1 0
homework_platform/server/service/course.go:76.2,77.28 2 0
homework_platform/server/service/course.go:77.28,79.3 1 0
homework_platform/server/service/course.go:80.2,81.16 2 0
homework_platform/server/service/course.go:81.16,83.3 1 0
homework_platform/server/service/course.go:84.2,84.17 1 0
homework_platform/server/service/course.go:91.71,93.16 2 1
homework_platform/server/service/course.go:93.16,95.3 1 1
homework_platform/server/service/course.go:100.2,101.16 2 1
homework_platform/server/service/course.go:101.16,103.3 1 0
homework_platform/server/service/course.go:104.2,104.19 1 1
homework_platform/server/service/course.go:111.77,113.16 2 1
homework_platform/server/service/course.go:113.16,115.3 1 0
homework_platform/server/service/course.go:117.2,120.9 3 1
homework_platform/server/service/course.go:120.9,122.3 1 1
homework_platform/server/service/course.go:124.2,125.16 2 1
homework_platform/server/service/course.go:125.16,127.3 1 0
homework_platform/server/service/course.go:128.2,130.25 3 1
homework_platform/server/service/course.go:130.25,132.3 1 0
homework_platform/server/service/course.go:133.2,133.17 1 1
homework_platform/server/service/course.go:140.75,142.16 2 0
homework_platform/server/service/course.go:142.16,144.3 1 0
homework_platform/server/service/course.go:145.2,146.28 2 0
homework_platform/server/service/course.go:146.28,148.3 1 0
homework_platform/server/service/course.go:149.2,150.16 2 0
homework_platform/server/service/course.go:150.16,152.3 1 0
homework_platform/server/service/course.go:153.2,153.19 1 0
homework_platform/server/service/course.go:160.73,162.16 2 0
homework_platform/server/service/course.go:162.16,164.3 1 0
homework_platform/server/service/course.go:165.2,167.17 3 0
homework_platform/server/service/course.go:173.71,176.16 3 0
homework_platform/server/service/course.go:176.16,178.3 1 0
homework_platform/server/service/course.go:179.2,180.16 2 0
homework_platform/server/service/course.go:180.16,182.3 1 0
homework_platform/server/service/course.go:183.2,183.21 1 0
homework_platform/server/service/course.go:188.71,191.16 3 0
homework_platform/server/service/course.go:191.16,193.3 1 0
homework_platform/server/service/course.go:194.2,195.16 2 0
homework_platform/server/service/course.go:195.16,197.3 1 0
homework_platform/server/service/course.go:198.2,198.21 1 0
homework_platform/server/service/course.go:203.64,206.2 2 1
homework_platform/server/service/course.go:212.63,216.2 3 1
homework_platform/server/service/course.go:228.72,230.16 2 1
homework_platform/server/service/course.go:230.16,232.3 1 1
homework_platform/server/service/course.go:233.2,234.16 2 1
homework_platform/server/service/course.go:234.16,236.3 1 0
homework_platform/server/service/course.go:238.2,239.28 2 1
homework_platform/server/service/course.go:239.28,241.38 2 0
homework_platform/server/service/course.go:241.38,249.33 3 0
homework_platform/server/service/course.go:249.33,252.5 2 0
homework_platform/server/service/course.go:254.4,254.64 1 0
homework_platform/server/service/course.go:256.3,256.31 1 0
homework_platform/server/service/course.go:257.8,260.3 1 1
homework_platform/server/service/course.go:274.68,275.46 1 1
homework_platform/server/service/course.go:275.46,277.3 1 0
homework_platform/server/service/course.go:279.2,282.16 3 1
homework_platform/server/service/course.go:282.16,284.3 1 0
homework_platform/server/service/course.go:286.2,287.16 2 1
homework_platform/server/service/course.go:287.16,289.3 1 0
homework_platform/server/service/course.go:290.2,291.18 2 1
homework_platform/server/service/course.go:291.18,293.3 1 1
homework_platform/server/service/course.go:294.2,294.46 1 1
homework_platform/server/service/course.go:294.46,297.3 2 0
homework_platform/server/service/course.go:298.2,298.71 1 1
homework_platform/server/service/course.go:298.71,301.3 2 1
homework_platform/server/service/course.go:303.2,304.16 2 1
homework_platform/server/service/course.go:304.16,306.3 1 1
homework_platform/server/service/course.go:308.2,309.28 2 1
homework_platform/server/service/course.go:309.28,311.3 1 1
homework_platform/server/service/course.go:313.2,321.17 2 1
homework_platform/server/service/course.go:321.17,323.3 1 1
homework_platform/server/service/course.go:325.2,325.28 1 1
homework_platform/server/service/course.go:325.28,330.3 3 1
homework_platform/server/service/course.go:331.2,331.43 1 1
homework_platform/server/service/file.go:17.68,21.84 4 1
homework_platform/server/service/file.go:21.84,23.3 1 1
homework_platform/server/service/file.go:24.2,26.16 3 1
homework_platform/server/service/file.go:26.16,28.3 1 1
homework_platform/server/service/file.go:29.2,33.16 3 1
homework_platform/server/service/file.go:33.16,35.3 1 0
homework_platform/server/service/file.go:36.2,36.17 1 1
homework_platform/server/service/grade.go:14.83,16.23 2 0
homework_platform/server/service/grade.go:16.23,18.3 1 0
homework_platform/server/service/grade.go:19.2,19.30 1 0
homework_platform/server/service/grade.go:27.72,29.23 2 0
homework_platform/server/service/grade.go:29.23,31.3 1 0
homework_platform/server/service/grade.go:32.2,33.16 2 0
homework_platform/server/service/grade.go:33.16,35.3 1 0
homework_platform/server/service/grade.go:36.2,37.16 2 0
homework_platform/server/service/grade.go:37.16,39.3 1 0
homework_platform/server/service/grade.go:40.2,41.35 2 0
homework_platform/server/service/grade.go:41.35,43.3 1 0
homework_platform/server/service/grade.go:44.2,48.18 3 0
homework_platform/server/service/grade.go:61.86,63.16 2 0
homework_platform/server/service/grade.go:63.16,65.3 1 0
homework_platform/server/service/grade.go:66.2,67.16 2 0
homework_platform/server/service/grade.go:67.16,69.3 1 0
homework_platform/server/service/grade.go:70.2,71.35 2 0
homework_platform/server/service/grade.go:71.35,73.3 1 0
homework_platform/server/service/grade.go:74.2,75.17 2 0
homework_platform/server/service/grade.go:75.17,77.3 1 0
homework_platform/server/service/grade.go:78.2,79.41 2 0
homework_platform/server/service/grade.go:79.41,81.17 2 0
homework_platform/server/service/grade.go:81.17,83.4 1 0
homework_platform/server/service/grade.go:84.3,84.96 1 0
homework_platform/server/service/grade.go:86.2,86.18 1 0
homework_platform/server/service/homework.go:20.65,22.17 2 1
homework_platform/server/service/homework.go:22.17,24.3 1 1
homework_platform/server/service/homework.go:25.2,28.16 4 1
homework_platform/server/service/homework.go:28.16,29.30 1 1
homework_platform/server/service/homework.go:29.30,32.4 2 1
homework_platform/server/service/homework.go:34.2,34.22 1 1
homework_platform/server/service/homework.go:47.75,49.16 2 0
homework_platform/server/service/homework.go:49.16,51.3 1 0
homework_platform/server/service/homework.go:52.2,53.28 2 0
homework_platform/server/service/homework.go:53.28,55.3 1 0
homework_platform/server/service/homework.go:57.2,65.17 2 0
homework_platform/server/service/homework.go:65.17,67.3 1 0
homework_platform/server/service/homework.go:68.2,68.34 1 0
homework_platform/server/service/homework.go:68.34,73.3 3 0
homework_platform/server/service/homework.go:75.2,75.43 1 0
homework_platform/server/service/homework.go:82.67,84.16 2 0
homework_platform/server/service/homework.go:84.16,86.3 1 0
homework_platform/server/service/homework.go:91.2,92.17 2 0
homework_platform/server/service/homework.go:92.17,94.3 1 0
homework_platform/server/service/homework.go:95.2,95.23 1 0
homework_platform/server/service/homework.go:102.68,104.17 2 1
homework_platform/server/service/homework.go:104.17,106.3 1 1
homework_platform/server/service/homework.go:107.2,108.16 2 1
homework_platform/server/service/homework.go:108.16,110.3 1 0
homework_platform/server/service/homework.go:111.2,112.28 2 1
homework_platform/server/service/homework.go:112.28,114.3 1 1
homework_platform/server/service/homework.go:115.2,115.46 1 1
homework_platform/server/service/homework.go:115.46,117.3 1 0
homework_platform/server/service/homework.go:118.2,121.17 3 1
homework_platform/server/service/homework.go:134.62,138.16 3 1
homework_platform/server/service/homework.go:138.16,140.3 1 0
homework_platform/server/service/homework.go:142.2,143.16 2 1
homework_platform/server/service/homework.go:143.16,145.3 1 0
homework_platform/server/service/homework.go:146.2,147.18 2 1
homework_platform/server/service/homework.go:147.18,149.3 1 1
homework_platform/server/service/homework.go:150.2,150.46 1 1
homework_platform/server/service/homework.go:150.46,153.3 2 0
homework_platform/server/service/homework.go:154.2,154.71 1 1
homework_platform/server/service/homework.go:154.71,157.3 2 1
homework_platform/server/service/homework.go:158.2,159.16 2 1
homework_platform/server/service/homework.go:159.16,161.3 1 1
homework_platform/server/service/homework.go:163.2,164.16 2 1
homework_platform/server/service/homework.go:164.16,166.3 1 0
homework_platform/server/service/homework.go:167.2,168.28 2 1
homework_platform/server/service/homework.go:168.28,170.3 1 1
homework_platform/server/service/homework.go:173.2,173.28 1 1
homework_platform/server/service/homework.go:173.28,175.34 1 0
homework_platform/server/service/homework.go:175.34,179.18 3 0
homework_platform/server/service/homework.go:179.18,181.5 1 0
homework_platform/server/service/homework.go:182.4,183.51 2 0
homework_platform/server/service/homework.go:183.51,186.19 3 0
homework_platform/server/service/homework.go:186.19,188.6 1 0
homework_platform/server/service/homework.go:190.4,190.29 1 0
homework_platform/server/service/homework.go:194.2,197.28 3 1
homework_platform/server/service/homework.go:197.28,202.3 3 1
homework_platform/server/service/homework.go:203.2,203.17 1 1
homework_platform/server/service/homework.go:210.72,213.24 3 0
homework_platform/server/service/homework.go:213.24,215.18 2 0
homework_platform/server/service/homework.go:215.18,217.4 1 0
homework_platform/server/service/homework.go:218.3,220.17 3 0
homework_platform/server/service/homework.go:220.17,222.4 1 0
homework_platform/server/service/homework.go:223.3,224.29 2 0
homework_platform/server/service/homework.go:224.29,226.4 1 0
homework_platform/server/service/homework.go:227.3,227.58 1 0
homework_platform/server/service/homework.go:227.58,230.18 3 0
homework_platform/server/service/homework.go:230.18,231.32 1 0
homework_platform/server/service/homework.go:231.32,232.22 1 0
homework_platform/server/service/homework.go:232.22,233.15 1 0
homework_platform/server/service/homework.go:235.6,235.133 1 0
homework_platform/server/service/homework.go:239.3,239.43 1 0
homework_platform/server/service/homework.go:240.8,244.17 4 0
homework_platform/server/service/homework.go:244.17,246.4 1 0
homework_platform/server/service/homework.go:247.3,247.54 1 0
homework_platform/server/service/homework.go:247.54,248.26 1 0
homework_platform/server/service/homework.go:248.26,250.5 1 0
homework_platform/server/service/homework.go:252.3,252.53 1 0
homework_platform/server/service/homework_submission.go:21.62,22.46 1 1
homework_platform/server/service/homework_submission.go:22.46,24.3 1 0
homework_platform/server/service/homework_submission.go:26.2,29.16 3 1
homework_platform/server/service/homework_submission.go:29.16,31.3 1 0
homework_platform/server/service/homework_submission.go:33.2,34.16 2 1
homework_platform/server/service/homework_submission.go:34.16,36.3 1 0
homework_platform/server/service/homework_submission.go:38.2,41.16 4 1
homework_platform/server/service/homework_submission.go:41.16,43.3 1 1
homework_platform/server/service/homework_submission.go:44.2,44.35 1 1
homework_platform/server/service/homework_submission.go:44.35,46.3 1 0
homework_platform/server/service/homework_submission.go:47.2,48.16 2 1
homework_platform/server/service/homework_submission.go:48.16,50.3 1 0
homework_platform/server/service/homework_submission.go:51.2,52.37 2 1
homework_platform/server/service/homework_submission.go:52.37,54.3 1 1
homework_platform/server/service/homework_submission.go:55.2,56.30 2 1
homework_platform/server/service/homework_submission.go:56.30,63.11 3 1
homework_platform/server/service/homework_submission.go:63.11,65.4 1 0
homework_platform/server/service/homework_submission.go:66.3,66.29 1 1
homework_platform/server/service/homework_submission.go:66.29,71.4 3 1
homework_platform/server/service/homework_submission.go:72.3,72.18 1 1
homework_platform/server/service/homework_submission.go:74.2,74.46 1 1
homework_platform/server/service/homework_submission.go:81.75,86.16 5 1
homework_platform/server/service/homework_submission.go:86.16,88.3 1 0
homework_platform/server/service/homework_submission.go:89.2,89.53 1 1
homework_platform/server/service/homework_submission.go:89.53,90.36 1 1
homework_platform/server/service/homework_submission.go:90.36,92.4 1 1
homework_platform/server/service/homework_submission.go:94.2,94.52 1 1
homework_platform/server/service/homework_submission.go:103.64,104.46 1 0
homework_platform/server/service/homework_submission.go:104.46,106.3 1 0
homework_platform/server/service/homework_submission.go:108.2,111.16 3 0
homework_platform/server/service/homework_submission.go:111.16,113.3 1 0
homework_platform/server/service/homework_submission.go:114.2,118.16 4 0
homework_platform/server/service/homework_submission.go:118.16,120.3 1 0
homework_platform/server/service/homework_submission.go:121.2,127.16 6 0
homework_platform/server/service/homework_submission.go:127.16,129.3 1 0
homework_platform/server/service/homework_submission.go:130.2,130.35 1 0
homework_platform/server/service/homework_submission.go:130.35,132.3 1 0
homework_platform/server/service/homework_submission.go:133.2,134.16 2 0
homework_platform/server/service/homework_submission.go:134.16,136.3 1 0
homework_platform/server/service/homework_submission.go:137.2,137.37 1 0
homework_platform/server/service/homework_submission.go:137.37,139.3 1 0
homework_platform/server/service/homework_submission.go:140.2,141.30 2 0
homework_platform/server/service/homework_submission.go:141.30,145.29 4 0
homework_platform/server/service/homework_submission.go:145.29,150.4 3 0
homework_platform/server/service/homework_submission.go:151.3,151.18 1 0
homework_platform/server/service/homework_submission.go:153.2,153.46 1 0
homework_platform/server/service/service.go:21.47,22.30 1 1
homework_platform/server/service/service.go:22.30,26.17 3 1
homework_platform/server/service/service.go:26.17,29.4 2 1
homework_platform/server/service/service.go:29.9,32.4 2 1
homework_platform/server/service/service.go:36.41,38.2 1 1
homework_platform/server/service/service.go:40.48,42.2 1 1
homework_platform/server/service/service.go:44.67,45.30 1 1
homework_platform/server/service/service.go:45.30,51.19 2 1
homework_platform/server/service/service.go:52.13,53.25 1 1
homework_platform/server/service/service.go:54.16,55.28 1 1
homework_platform/server/service/service.go:56.13,57.13 1 0
homework_platform/server/service/service.go:59.3,59.38 1 1
homework_platform/server/service/service.go:59.38,63.4 3 0
homework_platform/server/service/service.go:65.3,66.17 2 1
homework_platform/server/service/service.go:66.17,69.4 2 1
homework_platform/server/service/service.go:69.9,72.4 2 1
homework_platform/server/service/user.go:20.70,25.91 4 1
homework_platform/server/service/user.go:25.91,27.3 1 1
homework_platform/server/service/user.go:29.2,29.43 1 1
homework_platform/server/service/user.go:29.43,31.3 1 1
homework_platform/server/service/user.go:33.2,35.16 3 1
homework_platform/server/service/user.go:35.16,37.3 1 0
homework_platform/server/service/user.go:39.2,44.17 5 1
homework_platform/server/service/user.go:54.75,56.16 2 1
homework_platform/server/service/user.go:56.16,58.3 1 1
homework_platform/server/service/user.go:60.2,61.20 2 1
homework_platform/server/service/user.go:61.20,63.3 1 1
homework_platform/server/service/user.go:65.2,66.13 2 1
homework_platform/server/service/user.go:66.13,68.3 1 0
homework_platform/server/service/user.go:69.2,71.17 3 1
homework_platform/server/service/user.go:78.68,80.2 1 0
homework_platform/server/service/user.go:87.73,90.2 2 1
homework_platform/server/service/user.go:96.75,98.16 2 1
homework_platform/server/service/user.go:98.16,100.3 1 0
homework_platform/server/service/user.go:101.2,101.26 1 1
homework_platform/server/service/user.go:108.69,110.12 2 1
homework_platform/server/service/user.go:110.12,112.3 1 0
homework_platform/server/service/user.go:113.2,114.16 2 1
homework_platform/server/service/user.go:114.16,116.3 1 0
homework_platform/server/service/user.go:117.2,117.64 1 1
homework_platform/server/service/user.go:117.64,119.3 1 0
homework_platform/server/service/user.go:120.2,120.17 1 1
homework_platform/server/service/user.go:139.74,141.16 2 1
homework_platform/server/service/user.go:141.16,143.3 1 0
homework_platform/server/service/user.go:144.2,145.16 2 1
homework_platform/server/service/user.go:145.16,147.3 1 0
homework_platform/server/service/user.go:148.2,152.49 3 1
homework_platform/server/service/user.go:152.49,155.23 2 1
homework_platform/server/service/user.go:155.23,156.12 1 0
homework_platform/server/service/user.go:158.3,158.17 1 1
homework_platform/server/service/user.go:158.17,160.4 1 0
homework_platform/server/service/user.go:161.3,161.39 1 1
homework_platform/server/service/user.go:161.39,163.53 1 1
homework_platform/server/service/user.go:163.53,165.50 1 1
homework_platform/server/service/user.go:165.50,167.48 1 1
homework_platform/server/service/user.go:167.48,170.26 2 1
homework_platform/server/service/user.go:170.26,173.8 1 0
homework_platform/server/service/user.go:174.12,177.21 2 0
homework_platform/server/service/user.go:177.21,179.8 1 0
homework_platform/server/service/user.go:181.7,181.42 1 0
homework_platform/server/service/user.go:181.42,182.35 1 0
homework_platform/server/service/user.go:182.35,185.14 2 0
homework_platform/server/service/user.go:194.2,194.49 1 1
homework_platform/server/service/user.go:194.49,197.23 2 1
homework_platform/server/service/user.go:197.23,198.12 1 0
homework_platform/server/service/user.go:200.3,200.17 1 1
homework_platform/server/service/user.go:200.17,202.4 1 0
homework_platform/server/service/user.go:203.3,203.39 1 1
homework_platform/server/service/user.go:203.39,205.53 1 1
homework_platform/server/service/user.go:205.53,207.50 1 1
homework_platform/server/service/user.go:207.50,209.48 1 1
homework_platform/server/service/user.go:209.48,212.7 1 1
homework_platform/server/service/user.go:212.12,215.7 1 0
homework_platform/server/service/user.go:221.2,222.16 2 1
homework_platform/server/service/user.go:222.16,224.3 1 0
homework_platform/server/service/user.go:226.2,227.16 2 1
homework_platform/server/service/user.go:227.16,229.3 1 0
homework_platform/server/service/user.go:230.2,230.27 1 1
