mode: set
homework_platform/internal/models/comment.go:32.53,34.16 2 0
homework_platform/internal/models/comment.go:34.16,36.3 1 0
homework_platform/internal/models/comment.go:37.2,39.35 3 0
homework_platform/internal/models/comment.go:39.35,40.26 1 0
homework_platform/internal/models/comment.go:40.26,42.4 1 0
homework_platform/internal/models/comment.go:44.2,44.12 1 0
homework_platform/internal/models/comment.go:47.65,51.2 3 1
homework_platform/internal/models/comment.go:53.69,56.22 3 1
homework_platform/internal/models/comment.go:56.22,58.3 1 0
homework_platform/internal/models/comment.go:59.2,59.22 1 1
homework_platform/internal/models/comment.go:62.66,65.22 3 0
homework_platform/internal/models/comment.go:65.22,67.3 1 0
homework_platform/internal/models/comment.go:68.2,68.22 1 0
homework_platform/internal/models/comment.go:71.101,74.22 3 1
homework_platform/internal/models/comment.go:74.22,76.3 1 0
homework_platform/internal/models/comment.go:77.2,77.21 1 1
homework_platform/internal/models/comment.go:80.92,84.22 4 1
homework_platform/internal/models/comment.go:84.22,86.3 1 0
homework_platform/internal/models/comment.go:87.2,87.21 1 1
homework_platform/internal/models/comment.go:90.82,92.22 2 1
homework_platform/internal/models/comment.go:92.22,94.17 2 1
homework_platform/internal/models/comment.go:94.17,97.4 2 1
homework_platform/internal/models/comment.go:98.3,99.17 2 1
homework_platform/internal/models/comment.go:99.17,102.4 2 1
homework_platform/internal/models/comment.go:105.2,111.25 3 1
homework_platform/internal/models/comment.go:114.43,117.16 2 0
homework_platform/internal/models/comment.go:117.16,119.3 1 0
homework_platform/internal/models/comment.go:121.2,121.66 1 0
homework_platform/internal/models/comment.go:121.66,123.3 1 0
homework_platform/internal/models/comment.go:126.2,127.16 2 0
homework_platform/internal/models/comment.go:127.16,130.3 2 0
homework_platform/internal/models/comment.go:133.2,134.16 2 0
homework_platform/internal/models/comment.go:134.16,136.3 1 0
homework_platform/internal/models/comment.go:137.2,143.45 5 0
homework_platform/internal/models/comment.go:143.45,144.41 1 0
homework_platform/internal/models/comment.go:144.41,147.88 2 0
homework_platform/internal/models/comment.go:147.88,149.5 1 0
homework_platform/internal/models/comment.go:150.4,152.69 2 0
homework_platform/internal/models/comment.go:194.2,197.12 3 0
homework_platform/internal/models/comment.go:200.56,202.25 2 0
homework_platform/internal/models/comment.go:202.25,206.3 2 0
homework_platform/internal/models/comment.go:207.2,207.12 1 0
homework_platform/internal/models/complaint.go:21.101,26.16 4 0
homework_platform/internal/models/complaint.go:26.16,28.3 1 0
homework_platform/internal/models/complaint.go:29.2,38.22 4 0
homework_platform/internal/models/complaint.go:38.22,40.3 1 0
homework_platform/internal/models/complaint.go:41.2,41.18 1 0
homework_platform/internal/models/complaint.go:44.46,47.16 3 0
homework_platform/internal/models/complaint.go:47.16,49.3 1 0
homework_platform/internal/models/complaint.go:50.2,51.18 2 0
homework_platform/internal/models/complaint.go:54.45,56.16 2 0
homework_platform/internal/models/complaint.go:56.16,58.3 1 0
homework_platform/internal/models/complaint.go:59.2,61.18 3 0
homework_platform/internal/models/complaint.go:64.51,69.22 4 0
homework_platform/internal/models/complaint.go:69.22,72.3 2 0
homework_platform/internal/models/complaint.go:73.2,73.23 1 0
homework_platform/internal/models/complaint.go:76.42,79.2 2 0
homework_platform/internal/models/complaint.go:81.71,86.22 4 0
homework_platform/internal/models/complaint.go:86.22,89.3 2 0
homework_platform/internal/models/complaint.go:90.2,90.23 1 0
homework_platform/internal/models/complaint.go:93.69,98.22 4 0
homework_platform/internal/models/complaint.go:98.22,101.3 2 0
homework_platform/internal/models/complaint.go:102.2,102.24 1 0
homework_platform/internal/models/complaint.go:105.61,110.22 4 0
homework_platform/internal/models/complaint.go:110.22,113.3 2 0
homework_platform/internal/models/complaint.go:114.2,114.23 1 0
homework_platform/internal/models/complaint.go:117.67,122.22 4 0
homework_platform/internal/models/complaint.go:122.22,125.3 2 0
homework_platform/internal/models/complaint.go:126.2,126.23 1 0
homework_platform/internal/models/course.go:36.61,39.22 2 1
homework_platform/internal/models/course.go:39.22,41.3 1 0
homework_platform/internal/models/course.go:42.2,43.38 2 1
homework_platform/internal/models/course.go:43.38,45.3 1 1
homework_platform/internal/models/course.go:46.2,46.23 1 1
homework_platform/internal/models/course.go:49.53,51.22 2 1
homework_platform/internal/models/course.go:51.22,53.3 1 0
homework_platform/internal/models/course.go:54.2,54.29 1 1
homework_platform/internal/models/course.go:57.49,60.16 3 0
homework_platform/internal/models/course.go:60.16,63.3 2 0
homework_platform/internal/models/course.go:65.2,66.26 2 0
homework_platform/internal/models/course.go:69.53,71.16 2 0
homework_platform/internal/models/course.go:71.16,73.3 1 0
homework_platform/internal/models/course.go:74.2,75.16 2 0
homework_platform/internal/models/course.go:75.16,77.3 1 0
homework_platform/internal/models/course.go:78.2,79.9 2 0
homework_platform/internal/models/course.go:79.9,81.3 1 0
homework_platform/internal/models/course.go:82.2,84.21 3 0
homework_platform/internal/models/course.go:87.50,89.9 2 1
homework_platform/internal/models/course.go:89.9,91.3 1 1
homework_platform/internal/models/course.go:93.2,94.16 2 1
homework_platform/internal/models/course.go:94.16,96.3 1 1
homework_platform/internal/models/course.go:97.2,99.21 3 1
homework_platform/internal/models/course.go:103.71,106.2 2 1
homework_platform/internal/models/course.go:108.52,110.16 2 1
homework_platform/internal/models/course.go:110.16,112.3 1 0
homework_platform/internal/models/course.go:113.2,113.33 1 1
homework_platform/internal/models/course.go:113.33,114.20 1 1
homework_platform/internal/models/course.go:114.20,116.4 1 1
homework_platform/internal/models/course.go:118.2,118.14 1 1
homework_platform/internal/models/course.go:121.37,125.2 3 1
homework_platform/internal/models/course.go:128.72,130.20 2 1
homework_platform/internal/models/course.go:130.20,133.3 2 1
homework_platform/internal/models/course.go:134.2,134.31 1 1
homework_platform/internal/models/course.go:134.31,137.3 2 1
homework_platform/internal/models/course.go:138.2,146.22 3 1
homework_platform/internal/models/course.go:146.22,148.3 1 0
homework_platform/internal/models/course.go:150.2,150.18 1 1
homework_platform/internal/models/course.go:153.45,158.22 4 1
homework_platform/internal/models/course.go:158.22,161.3 2 1
homework_platform/internal/models/course.go:162.2,163.20 2 1
homework_platform/internal/models/course.go:166.41,168.22 2 1
homework_platform/internal/models/course.go:168.22,170.3 1 0
homework_platform/internal/models/course.go:171.2,171.12 1 1
homework_platform/internal/models/homework.go:31.38,34.16 3 1
homework_platform/internal/models/homework.go:34.16,35.30 1 0
homework_platform/internal/models/homework.go:35.30,36.20 1 0
homework_platform/internal/models/homework.go:36.20,37.13 1 0
homework_platform/internal/models/homework.go:39.4,39.85 1 0
homework_platform/internal/models/homework.go:44.147,46.30 2 1
homework_platform/internal/models/homework.go:46.30,49.3 2 1
homework_platform/internal/models/homework.go:50.2,50.34 1 1
homework_platform/internal/models/homework.go:50.34,53.3 2 1
homework_platform/internal/models/homework.go:54.2,54.16 1 1
homework_platform/internal/models/homework.go:54.16,57.3 2 1
homework_platform/internal/models/homework.go:58.2,58.22 1 1
homework_platform/internal/models/homework.go:58.22,61.3 2 1
homework_platform/internal/models/homework.go:62.2,65.28 2 1
homework_platform/internal/models/homework.go:68.46,70.22 2 1
homework_platform/internal/models/homework.go:70.22,72.3 1 0
homework_platform/internal/models/homework.go:73.2,73.12 1 1
homework_platform/internal/models/homework.go:77.80,79.30 2 1
homework_platform/internal/models/homework.go:79.30,81.3 1 1
homework_platform/internal/models/homework.go:82.2,82.34 1 1
homework_platform/internal/models/homework.go:82.34,84.3 1 1
homework_platform/internal/models/homework.go:85.2,86.16 2 1
homework_platform/internal/models/homework.go:86.16,89.3 2 1
homework_platform/internal/models/homework.go:90.2,90.23 1 1
homework_platform/internal/models/homework.go:90.23,93.3 2 1
homework_platform/internal/models/homework.go:94.2,94.22 1 1
homework_platform/internal/models/homework.go:94.22,97.17 2 1
homework_platform/internal/models/homework.go:97.17,99.4 1 1
homework_platform/internal/models/homework.go:101.2,110.22 3 1
homework_platform/internal/models/homework.go:110.22,113.3 2 0
homework_platform/internal/models/homework.go:114.2,115.25 2 1
homework_platform/internal/models/homework.go:118.49,122.22 4 1
homework_platform/internal/models/homework.go:122.22,125.3 2 1
homework_platform/internal/models/homework.go:126.2,128.18 3 1
homework_platform/internal/models/homework.go:131.68,136.22 4 1
homework_platform/internal/models/homework.go:136.22,139.3 2 1
homework_platform/internal/models/homework.go:140.2,141.18 2 1
homework_platform/internal/models/homework.go:144.49,146.16 2 0
homework_platform/internal/models/homework.go:146.16,148.3 1 0
homework_platform/internal/models/homework.go:150.2,151.59 2 0
homework_platform/internal/models/homework.go:151.59,153.17 2 0
homework_platform/internal/models/homework.go:153.17,155.4 1 0
homework_platform/internal/models/homework.go:158.2,158.19 1 0
homework_platform/internal/models/homework_submission.go:35.58,38.16 3 1
homework_platform/internal/models/homework_submission.go:38.16,39.30 1 0
homework_platform/internal/models/homework_submission.go:39.30,40.20 1 0
homework_platform/internal/models/homework_submission.go:40.20,41.13 1 0
homework_platform/internal/models/homework_submission.go:43.4,43.105 1 0
homework_platform/internal/models/homework_submission.go:48.83,51.22 3 0
homework_platform/internal/models/homework_submission.go:51.22,53.3 1 0
homework_platform/internal/models/homework_submission.go:54.2,54.28 1 0
homework_platform/internal/models/homework_submission.go:58.56,61.49 2 0
homework_platform/internal/models/homework_submission.go:61.49,63.3 1 0
homework_platform/internal/models/homework_submission.go:64.2,64.16 1 0
homework_platform/internal/models/homework_submission.go:64.16,66.3 1 0
homework_platform/internal/models/homework_submission.go:67.2,68.16 2 0
homework_platform/internal/models/homework_submission.go:68.16,70.3 1 0
homework_platform/internal/models/homework_submission.go:71.2,71.24 1 0
homework_platform/internal/models/homework_submission.go:71.24,73.3 1 0
homework_platform/internal/models/homework_submission.go:74.2,79.35 6 0
homework_platform/internal/models/homework_submission.go:79.35,80.26 1 0
homework_platform/internal/models/homework_submission.go:80.26,81.12 1 0
homework_platform/internal/models/homework_submission.go:83.3,84.17 2 0
homework_platform/internal/models/homework_submission.go:84.17,86.4 1 0
homework_platform/internal/models/homework_submission.go:87.3,91.69 5 0
homework_platform/internal/models/homework_submission.go:93.2,93.16 1 0
homework_platform/internal/models/homework_submission.go:93.16,95.3 1 0
homework_platform/internal/models/homework_submission.go:96.2,97.28 2 0
homework_platform/internal/models/homework_submission.go:97.28,99.3 1 0
homework_platform/internal/models/homework_submission.go:100.2,103.10 4 0
homework_platform/internal/models/homework_submission.go:103.10,105.38 1 0
homework_platform/internal/models/homework_submission.go:105.38,107.4 1 0
homework_platform/internal/models/homework_submission.go:113.68,116.2 2 0
homework_platform/internal/models/homework_submission.go:118.65,121.2 2 1
homework_platform/internal/models/homework_submission.go:123.59,125.22 2 1
homework_platform/internal/models/homework_submission.go:125.22,127.17 2 1
homework_platform/internal/models/homework_submission.go:127.17,130.4 2 1
homework_platform/internal/models/homework_submission.go:131.3,132.17 2 1
homework_platform/internal/models/homework_submission.go:132.17,135.4 2 1
homework_platform/internal/models/homework_submission.go:137.2,138.25 2 1
homework_platform/internal/models/homework_submission.go:141.99,143.113 2 1
homework_platform/internal/models/homework_submission.go:143.113,145.3 1 1
homework_platform/internal/models/homework_submission.go:147.2,147.24 1 1
homework_platform/internal/models/homework_submission.go:147.24,149.3 1 1
homework_platform/internal/models/homework_submission.go:149.8,151.3 1 0
homework_platform/internal/models/homework_submission.go:154.79,157.22 3 1
homework_platform/internal/models/homework_submission.go:157.22,159.3 1 1
homework_platform/internal/models/homework_submission.go:160.2,161.28 2 1
homework_platform/internal/models/homework_submission.go:164.76,166.80 2 0
homework_platform/internal/models/homework_submission.go:166.80,168.3 1 0
homework_platform/internal/models/homework_submission.go:169.2,169.39 1 0
homework_platform/internal/models/homework_submission.go:169.39,171.3 1 0
homework_platform/internal/models/homework_submission.go:172.2,172.24 1 0
homework_platform/internal/models/init.go:19.15,24.22 3 0
homework_platform/internal/models/init.go:24.22,28.17 4 0
homework_platform/internal/models/init.go:28.17,30.4 1 0
homework_platform/internal/models/init.go:31.8,31.28 1 0
homework_platform/internal/models/init.go:31.28,33.3 1 0
homework_platform/internal/models/init.go:33.8,33.27 1 0
homework_platform/internal/models/init.go:33.27,38.3 2 0
homework_platform/internal/models/init.go:38.8,40.3 1 0
homework_platform/internal/models/init.go:42.2,42.16 1 0
homework_platform/internal/models/init.go:42.16,44.3 1 0
homework_platform/internal/models/init.go:46.2,54.18 8 0
homework_platform/internal/models/init.go:57.23,61.35 3 0
homework_platform/internal/models/init.go:61.35,68.55 5 0
homework_platform/internal/models/init.go:68.55,70.4 1 0
homework_platform/internal/models/init.go:72.3,74.39 3 0
homework_platform/internal/models/user.go:45.55,51.2 4 1
homework_platform/internal/models/user.go:53.69,58.14 2 0
homework_platform/internal/models/user.go:58.14,60.3 1 0
homework_platform/internal/models/user.go:60.8,62.3 1 0
homework_platform/internal/models/user.go:63.2,63.35 1 0
homework_platform/internal/models/user.go:63.35,65.3 1 0
homework_platform/internal/models/user.go:65.8,65.42 1 0
homework_platform/internal/models/user.go:65.42,67.3 1 0
homework_platform/internal/models/user.go:68.2,69.21 2 0
homework_platform/internal/models/user.go:72.40,74.16 2 0
homework_platform/internal/models/user.go:74.16,76.3 1 0
homework_platform/internal/models/user.go:77.2,79.12 3 0
homework_platform/internal/models/user.go:82.59,86.2 3 0
homework_platform/internal/models/user.go:88.56,90.24 2 1
homework_platform/internal/models/user.go:90.24,93.3 2 1
homework_platform/internal/models/user.go:94.2,95.28 2 1
homework_platform/internal/models/user.go:98.58,100.22 2 1
homework_platform/internal/models/user.go:100.22,102.3 1 0
homework_platform/internal/models/user.go:103.2,103.34 1 1
homework_platform/internal/models/user.go:106.58,108.22 2 1
homework_platform/internal/models/user.go:108.22,110.3 1 0
homework_platform/internal/models/user.go:111.2,111.34 1 1
homework_platform/internal/models/user.go:114.37,118.2 3 1
homework_platform/internal/models/user.go:120.65,122.24 2 1
homework_platform/internal/models/user.go:122.24,124.3 1 1
homework_platform/internal/models/user.go:125.2,125.24 1 1
homework_platform/internal/models/user.go:125.24,127.3 1 1
homework_platform/internal/models/user.go:128.2,132.22 4 1
homework_platform/internal/models/user.go:132.22,134.3 1 1
homework_platform/internal/models/user.go:135.2,135.27 1 1
homework_platform/internal/models/user.go:138.41,143.22 4 1
homework_platform/internal/models/user.go:143.22,146.3 2 1
homework_platform/internal/models/user.go:147.2,148.18 2 1
homework_platform/internal/models/user.go:151.55,156.22 4 1
homework_platform/internal/models/user.go:156.22,159.3 2 1
homework_platform/internal/models/user.go:160.2,161.18 2 1
homework_platform/internal/models/user.go:164.36,169.22 4 1
homework_platform/internal/models/user.go:169.22,172.3 2 0
homework_platform/internal/models/user.go:173.2,175.22 2 1
homework_platform/internal/models/user.go:188.52,192.69 3 0
homework_platform/internal/models/user.go:192.69,194.3 1 0
homework_platform/internal/models/user.go:195.2,195.69 1 0
homework_platform/internal/models/user.go:195.69,197.3 1 0
homework_platform/internal/models/user.go:198.2,198.17 1 0
